<?xml version="1.0" encoding="UTF-8"?>
<!-- Generated by org.testng.reporters.JUnitXMLReporter -->
<testsuite ignored="0" hostname="DESKTOP-406T4A8" failures="1" tests="1" name="Test" time="7.769" errors="0" timestamp="2021-10-17T17:33:07 IST">
  <testcase classname="Facebook.TestClass123" name="loginfacebook" time="0.009">
    <failure type="java.lang.NullPointerException">
      <![CDATA[java.lang.NullPointerException
at Facebook.TestClass123.loginfacebook(TestClass123.java:27)
at java.base/java.util.ArrayList.forEach(ArrayList.java:1540)
... Removed 27 stack frames]]>
    </failure>
  </testcase> <!-- loginfacebook -->
</testsuite> <!-- Test -->
